# JRE version: OpenJDK Runtime Environment (8.0_91-b14) (build 1.8.0_91-8u91-b14-0ubuntu4~14.04-b14)
# Java VM: OpenJDK 64-Bit Server VM (25.91-b14 mixed mode linux-amd64 compressed oops)
Heap:
 PSYoungGen      total 199168K, used 7862K [0x00000000eab00000, 0x00000000f9e00000, 0x0000000100000000)
  eden space 177664K, 4% used [0x00000000eab00000,0x00000000eb2ad8f0,0x00000000f5880000)
  from space 21504K, 0% used [0x00000000f7800000,0x00000000f7800000,0x00000000f8d00000)
  to   space 32256K, 0% used [0x00000000f5880000,0x00000000f5880000,0x00000000f7800000)
 ParOldGen       total 668160K, used 40329K [0x00000000c0000000, 0x00000000e8c80000, 0x00000000eab00000)
  object space 668160K, 6% used [0x00000000c0000000,0x00000000c2762588,0x00000000e8c80000)
 Metaspace       used 60219K, capacity 60792K, committed 60928K, reserved 1099776K
  class space    used 11097K, capacity 11257K, committed 11264K, reserved 1048576K
GC Heap History (10 events):
Event: 5.745 GC heap before
{Heap before GC invocations=5 (full 2):
 PSYoungGen      total 153088K, used 9731K [0x00000000eab00000, 0x00000000f6900000, 0x0000000100000000)
  eden space 131584K, 0% used [0x00000000eab00000,0x00000000eab00000,0x00000000f2b80000)
  from space 21504K, 45% used [0x00000000f2b80000,0x00000000f3500ea0,0x00000000f4080000)
  to   space 21504K, 0% used [0x00000000f5400000,0x00000000f5400000,0x00000000f6900000)
 ParOldGen       total 349696K, used 14551K [0x00000000c0000000, 0x00000000d5580000, 0x00000000eab00000)
  object space 349696K, 4% used [0x00000000c0000000,0x00000000c0e35d20,0x00000000d5580000)
 Metaspace       used 35119K, capacity 35480K, committed 35496K, reserved 1077248K
  class space    used 6789K, capacity 6896K, committed 6912K, reserved 1048576K
Event: 5.794 GC heap after
Heap after GC invocations=5 (full 2):
 PSYoungGen      total 153088K, used 0K [0x00000000eab00000, 0x00000000f6900000, 0x0000000100000000)
  eden space 131584K, 0% used [0x00000000eab00000,0x00000000eab00000,0x00000000f2b80000)
  from space 21504K, 0% used [0x00000000f2b80000,0x00000000f2b80000,0x00000000f4080000)
  to   space 21504K, 0% used [0x00000000f5400000,0x00000000f5400000,0x00000000f6900000)
 ParOldGen       total 440832K, used 12827K [0x00000000c0000000, 0x00000000dae80000, 0x00000000eab00000)
  object space 440832K, 2% used [0x00000000c0000000,0x00000000c0c86e58,0x00000000dae80000)
 Metaspace       used 35108K, capacity 35462K, committed 35496K, reserved 1077248K
  class space    used 6786K, capacity 6890K, committed 6912K, reserved 1048576K
}
Event: 6.826 GC heap before
{Heap before GC invocations=6 (full 2):
 PSYoungGen      total 153088K, used 131584K [0x00000000eab00000, 0x00000000f6900000, 0x0000000100000000)
  eden space 131584K, 100% used [0x00000000eab00000,0x00000000f2b80000,0x00000000f2b80000)
  from space 21504K, 0% used [0x00000000f2b80000,0x00000000f2b80000,0x00000000f4080000)
  to   space 21504K, 0% used [0x00000000f5400000,0x00000000f5400000,0x00000000f6900000)
 ParOldGen       total 440832K, used 12827K [0x00000000c0000000, 0x00000000dae80000, 0x00000000eab00000)
  object space 440832K, 2% used [0x00000000c0000000,0x00000000c0c86e58,0x00000000dae80000)
 Metaspace       used 38126K, capacity 38406K, committed 38656K, reserved 1081344K
  class space    used 7480K, capacity 7594K, committed 7680K, reserved 1048576K
Event: 6.838 GC heap after
Heap after GC invocations=6 (full 2):
 PSYoungGen      total 173056K, used 6369K [0x00000000eab00000, 0x00000000f7380000, 0x0000000100000000)
  eden space 151552K, 0% used [0x00000000eab00000,0x00000000eab00000,0x00000000f3f00000)
  from space 21504K, 29% used [0x00000000f5400000,0x00000000f5a38598,0x00000000f6900000)
  to   space 21504K, 0% used [0x00000000f3f00000,0x00000000f3f00000,0x00000000f5400000)
 ParOldGen       total 440832K, used 12835K [0x00000000c0000000, 0x00000000dae80000, 0x00000000eab00000)
  object space 440832K, 2% used [0x00000000c0000000,0x00000000c0c88e58,0x00000000dae80000)
 Metaspace       used 38126K, capacity 38406K, committed 38656K, reserved 1081344K
  class space    used 7480K, capacity 7594K, committed 7680K, reserved 1048576K
}
Event: 8.550 GC heap before
{Heap before GC invocations=7 (full 2):
 PSYoungGen      total 173056K, used 157921K [0x00000000eab00000, 0x00000000f7380000, 0x0000000100000000)
  eden space 151552K, 100% used [0x00000000eab00000,0x00000000f3f00000,0x00000000f3f00000)
  from space 21504K, 29% used [0x00000000f5400000,0x00000000f5a38598,0x00000000f6900000)
  to   space 21504K, 0% used [0x00000000f3f00000,0x00000000f3f00000,0x00000000f5400000)
 ParOldGen       total 440832K, used 12835K [0x00000000c0000000, 0x00000000dae80000, 0x00000000eab00000)
  object space 440832K, 2% used [0x00000000c0000000,0x00000000c0c88e58,0x00000000dae80000)
 Metaspace       used 51071K, capacity 51478K, committed 51584K, reserved 1091584K
  class space    used 9698K, capacity 9818K, committed 9856K, reserved 1048576K
Event: 8.565 GC heap after
Heap after GC invocations=7 (full 2):
 PSYoungGen      total 173056K, used 18627K [0x00000000eab00000, 0x00000000f8d00000, 0x0000000100000000)
  eden space 151552K, 0% used [0x00000000eab00000,0x00000000eab00000,0x00000000f3f00000)
  from space 21504K, 86% used [0x00000000f3f00000,0x00000000f5130f60,0x00000000f5400000)
  to   space 21504K, 0% used [0x00000000f7800000,0x00000000f7800000,0x00000000f8d00000)
 ParOldGen       total 440832K, used 12843K [0x00000000c0000000, 0x00000000dae80000, 0x00000000eab00000)
  object space 440832K, 2% used [0x00000000c0000000,0x00000000c0c8ae58,0x00000000dae80000)
 Metaspace       used 51071K, capacity 51478K, committed 51584K, reserved 1091584K
  class space    used 9698K, capacity 9818K, committed 9856K, reserved 1048576K
}
Event: 20.903 GC heap before
{Heap before GC invocations=8 (full 2):
 PSYoungGen      total 173056K, used 121619K [0x00000000eab00000, 0x00000000f8d00000, 0x0000000100000000)
  eden space 151552K, 67% used [0x00000000eab00000,0x00000000f0f93da0,0x00000000f3f00000)
  from space 21504K, 86% used [0x00000000f3f00000,0x00000000f5130f60,0x00000000f5400000)
  to   space 21504K, 0% used [0x00000000f7800000,0x00000000f7800000,0x00000000f8d00000)
 ParOldGen       total 440832K, used 12843K [0x00000000c0000000, 0x00000000dae80000, 0x00000000eab00000)
  object space 440832K, 2% used [0x00000000c0000000,0x00000000c0c8ae58,0x00000000dae80000)
 Metaspace       used 58504K, capacity 58984K, committed 59136K, reserved 1097728K
  class space    used 10787K, capacity 10909K, committed 11008K, reserved 1048576K
Event: 20.944 GC heap after
Heap after GC invocations=8 (full 2):
 PSYoungGen      total 199168K, used 21494K [0x00000000eab00000, 0x00000000f9e00000, 0x0000000100000000)
  eden space 177664K, 0% used [0x00000000eab00000,0x00000000eab00000,0x00000000f5880000)
  from space 21504K, 99% used [0x00000000f7800000,0x00000000f8cfd8b0,0x00000000f8d00000)
  to   space 32256K, 0% used [0x00000000f5880000,0x00000000f5880000,0x00000000f7800000)
 ParOldGen       total 440832K, used 24972K [0x00000000c0000000, 0x00000000dae80000, 0x00000000eab00000)
  object space 440832K, 5% used [0x00000000c0000000,0x00000000c18630f0,0x00000000dae80000)
 Metaspace       used 58504K, capacity 58984K, committed 59136K, reserved 1097728K
  class space    used 10787K, capacity 10909K, committed 11008K, reserved 1048576K
}
Event: 20.944 GC heap before
{Heap before GC invocations=9 (full 3):
 PSYoungGen      total 199168K, used 21494K [0x00000000eab00000, 0x00000000f9e00000, 0x0000000100000000)
  eden space 177664K, 0% used [0x00000000eab00000,0x00000000eab00000,0x00000000f5880000)
  from space 21504K, 99% used [0x00000000f7800000,0x00000000f8cfd8b0,0x00000000f8d00000)
  to   space 32256K, 0% used [0x00000000f5880000,0x00000000f5880000,0x00000000f7800000)
 ParOldGen       total 440832K, used 24972K [0x00000000c0000000, 0x00000000dae80000, 0x00000000eab00000)
  object space 440832K, 5% used [0x00000000c0000000,0x00000000c18630f0,0x00000000dae80000)
 Metaspace       used 58504K, capacity 58984K, committed 59136K, reserved 1097728K
  class space    used 10787K, capacity 10909K, committed 11008K, reserved 1048576K
Event: 21.125 GC heap after
Heap after GC invocations=9 (full 3):
 PSYoungGen      total 199168K, used 0K [0x00000000eab00000, 0x00000000f9e00000, 0x0000000100000000)
  eden space 177664K, 0% used [0x00000000eab00000,0x00000000eab00000,0x00000000f5880000)
  from space 21504K, 0% used [0x00000000f7800000,0x00000000f7800000,0x00000000f8d00000)
  to   space 32256K, 0% used [0x00000000f5880000,0x00000000f5880000,0x00000000f7800000)
 ParOldGen       total 668160K, used 40329K [0x00000000c0000000, 0x00000000e8c80000, 0x00000000eab00000)
  object space 668160K, 6% used [0x00000000c0000000,0x00000000c2762588,0x00000000e8c80000)
 Metaspace       used 58493K, capacity 58968K, committed 59136K, reserved 1097728K
  class space    used 10784K, capacity 10905K, committed 11008K, reserved 1048576K
}

