# JRE version: OpenJDK Runtime Environment (8.0_91-b14) (build 1.8.0_91-8u91-b14-0ubuntu4~14.04-b14)
# Java VM: OpenJDK 64-Bit Server VM (25.91-b14 mixed mode linux-amd64 compressed oops)
Heap:
 PSYoungGen      total 234496K, used 150193K [0x00000000eab00000, 0x00000000fb200000, 0x0000000100000000)
  eden space 208896K, 66% used [0x00000000eab00000,0x00000000f31c8298,0x00000000f7700000)
  from space 25600K, 47% used [0x00000000f9900000,0x00000000fa4e43b0,0x00000000fb200000)
  to   space 30208K, 0% used [0x00000000f7700000,0x00000000f7700000,0x00000000f9480000)
 ParOldGen       total 660992K, used 39354K [0x00000000c0000000, 0x00000000e8580000, 0x00000000eab00000)
  object space 660992K, 5% used [0x00000000c0000000,0x00000000c266e998,0x00000000e8580000)
 Metaspace       used 82145K, capacity 82763K, committed 83200K, reserved 1118208K
  class space    used 14580K, capacity 14755K, committed 14848K, reserved 1048576K
GC Heap History (10 events):
Event: 23.648 GC heap before
{Heap before GC invocations=7 (full 2):
 PSYoungGen      total 171008K, used 156830K [0x00000000eab00000, 0x00000000f6e80000, 0x0000000100000000)
  eden space 149504K, 100% used [0x00000000eab00000,0x00000000f3d00000,0x00000000f3d00000)
  from space 21504K, 34% used [0x00000000f5200000,0x00000000f59278c0,0x00000000f6700000)
  to   space 21504K, 0% used [0x00000000f3d00000,0x00000000f3d00000,0x00000000f5200000)
 ParOldGen       total 455680K, used 12363K [0x00000000c0000000, 0x00000000dbd00000, 0x00000000eab00000)
  object space 455680K, 2% used [0x00000000c0000000,0x00000000c0c12cd0,0x00000000dbd00000)
 Metaspace       used 52524K, capacity 53010K, committed 53120K, reserved 1091584K
  class space    used 9910K, capacity 10074K, committed 10112K, reserved 1048576K
Event: 23.663 GC heap after
Heap after GC invocations=7 (full 2):
 PSYoungGen      total 171008K, used 19196K [0x00000000eab00000, 0x00000000f7e00000, 0x0000000100000000)
  eden space 149504K, 0% used [0x00000000eab00000,0x00000000eab00000,0x00000000f3d00000)
  from space 21504K, 89% used [0x00000000f3d00000,0x00000000f4fbf038,0x00000000f5200000)
  to   space 21504K, 0% used [0x00000000f6900000,0x00000000f6900000,0x00000000f7e00000)
 ParOldGen       total 455680K, used 12435K [0x00000000c0000000, 0x00000000dbd00000, 0x00000000eab00000)
  object space 455680K, 2% used [0x00000000c0000000,0x00000000c0c24ce0,0x00000000dbd00000)
 Metaspace       used 52524K, capacity 53010K, committed 53120K, reserved 1091584K
  class space    used 9910K, capacity 10074K, committed 10112K, reserved 1048576K
}
Event: 24.389 GC heap before
{Heap before GC invocations=8 (full 2):
 PSYoungGen      total 171008K, used 105199K [0x00000000eab00000, 0x00000000f7e00000, 0x0000000100000000)
  eden space 149504K, 57% used [0x00000000eab00000,0x00000000efefccb0,0x00000000f3d00000)
  from space 21504K, 89% used [0x00000000f3d00000,0x00000000f4fbf038,0x00000000f5200000)
  to   space 21504K, 0% used [0x00000000f6900000,0x00000000f6900000,0x00000000f7e00000)
 ParOldGen       total 455680K, used 12435K [0x00000000c0000000, 0x00000000dbd00000, 0x00000000eab00000)
  object space 455680K, 2% used [0x00000000c0000000,0x00000000c0c24ce0,0x00000000dbd00000)
 Metaspace       used 58502K, capacity 59012K, committed 59136K, reserved 1097728K
  class space    used 10787K, capacity 10941K, committed 11008K, reserved 1048576K
Event: 24.422 GC heap after
Heap after GC invocations=8 (full 2):
 PSYoungGen      total 184320K, used 21472K [0x00000000eab00000, 0x00000000fa580000, 0x0000000100000000)
  eden space 162816K, 0% used [0x00000000eab00000,0x00000000eab00000,0x00000000f4a00000)
  from space 21504K, 99% used [0x00000000f6900000,0x00000000f7df8010,0x00000000f7e00000)
  to   space 31744K, 0% used [0x00000000f4a00000,0x00000000f4a00000,0x00000000f6900000)
 ParOldGen       total 455680K, used 23609K [0x00000000c0000000, 0x00000000dbd00000, 0x00000000eab00000)
  object space 455680K, 5% used [0x00000000c0000000,0x00000000c170e4d8,0x00000000dbd00000)
 Metaspace       used 58502K, capacity 59012K, committed 59136K, reserved 1097728K
  class space    used 10787K, capacity 10941K, committed 11008K, reserved 1048576K
}
Event: 24.422 GC heap before
{Heap before GC invocations=9 (full 3):
 PSYoungGen      total 184320K, used 21472K [0x00000000eab00000, 0x00000000fa580000, 0x0000000100000000)
  eden space 162816K, 0% used [0x00000000eab00000,0x00000000eab00000,0x00000000f4a00000)
  from space 21504K, 99% used [0x00000000f6900000,0x00000000f7df8010,0x00000000f7e00000)
  to   space 31744K, 0% used [0x00000000f4a00000,0x00000000f4a00000,0x00000000f6900000)
 ParOldGen       total 455680K, used 23609K [0x00000000c0000000, 0x00000000dbd00000, 0x00000000eab00000)
  object space 455680K, 5% used [0x00000000c0000000,0x00000000c170e4d8,0x00000000dbd00000)
 Metaspace       used 58502K, capacity 59012K, committed 59136K, reserved 1097728K
  class space    used 10787K, capacity 10941K, committed 11008K, reserved 1048576K
Event: 24.601 GC heap after
Heap after GC invocations=9 (full 3):
 PSYoungGen      total 184320K, used 0K [0x00000000eab00000, 0x00000000fa580000, 0x0000000100000000)
  eden space 162816K, 0% used [0x00000000eab00000,0x00000000eab00000,0x00000000f4a00000)
  from space 21504K, 0% used [0x00000000f6900000,0x00000000f6900000,0x00000000f7e00000)
  to   space 31744K, 0% used [0x00000000f4a00000,0x00000000f4a00000,0x00000000f6900000)
 ParOldGen       total 660992K, used 39346K [0x00000000c0000000, 0x00000000e8580000, 0x00000000eab00000)
  object space 660992K, 5% used [0x00000000c0000000,0x00000000c266c998,0x00000000e8580000)
 Metaspace       used 58490K, capacity 58996K, committed 59136K, reserved 1097728K
  class space    used 10784K, capacity 10937K, committed 11008K, reserved 1048576K
}
Event: 25.731 GC heap before
{Heap before GC invocations=10 (full 3):
 PSYoungGen      total 184320K, used 162816K [0x00000000eab00000, 0x00000000fa580000, 0x0000000100000000)
  eden space 162816K, 100% used [0x00000000eab00000,0x00000000f4a00000,0x00000000f4a00000)
  from space 21504K, 0% used [0x00000000f6900000,0x00000000f6900000,0x00000000f7e00000)
  to   space 31744K, 0% used [0x00000000f4a00000,0x00000000f4a00000,0x00000000f6900000)
 ParOldGen       total 660992K, used 39346K [0x00000000c0000000, 0x00000000e8580000, 0x00000000eab00000)
  object space 660992K, 5% used [0x00000000c0000000,0x00000000c266c998,0x00000000e8580000)
 Metaspace       used 60997K, capacity 61460K, committed 61696K, reserved 1099776K
  class space    used 11273K, capacity 11417K, committed 11520K, reserved 1048576K
Event: 25.734 GC heap after
Heap after GC invocations=10 (full 3):
 PSYoungGen      total 194560K, used 3916K [0x00000000eab00000, 0x00000000fb800000, 0x0000000100000000)
  eden space 162816K, 0% used [0x00000000eab00000,0x00000000eab00000,0x00000000f4a00000)
  from space 31744K, 12% used [0x00000000f4a00000,0x00000000f4dd3120,0x00000000f6900000)
  to   space 31744K, 0% used [0x00000000f9900000,0x00000000f9900000,0x00000000fb800000)
 ParOldGen       total 660992K, used 39346K [0x00000000c0000000, 0x00000000e8580000, 0x00000000eab00000)
  object space 660992K, 5% used [0x00000000c0000000,0x00000000c266c998,0x00000000e8580000)
 Metaspace       used 60997K, capacity 61460K, committed 61696K, reserved 1099776K
  class space    used 11273K, capacity 11417K, committed 11520K, reserved 1048576K
}
Event: 27.295 GC heap before
{Heap before GC invocations=11 (full 3):
 PSYoungGen      total 194560K, used 166732K [0x00000000eab00000, 0x00000000fb800000, 0x0000000100000000)
  eden space 162816K, 100% used [0x00000000eab00000,0x00000000f4a00000,0x00000000f4a00000)
  from space 31744K, 12% used [0x00000000f4a00000,0x00000000f4dd3120,0x00000000f6900000)
  to   space 31744K, 0% used [0x00000000f9900000,0x00000000f9900000,0x00000000fb800000)
 ParOldGen       total 660992K, used 39346K [0x00000000c0000000, 0x00000000e8580000, 0x00000000eab00000)
  object space 660992K, 5% used [0x00000000c0000000,0x00000000c266c998,0x00000000e8580000)
 Metaspace       used 62126K, capacity 62612K, committed 62848K, reserved 1099776K
  class space    used 11479K, capacity 11605K, committed 11648K, reserved 1048576K
Event: 27.308 GC heap after
Heap after GC invocations=11 (full 3):
 PSYoungGen      total 234496K, used 12176K [0x00000000eab00000, 0x00000000fb200000, 0x0000000100000000)
  eden space 208896K, 0% used [0x00000000eab00000,0x00000000eab00000,0x00000000f7700000)
  from space 25600K, 47% used [0x00000000f9900000,0x00000000fa4e43b0,0x00000000fb200000)
  to   space 30208K, 0% used [0x00000000f7700000,0x00000000f7700000,0x00000000f9480000)
 ParOldGen       total 660992K, used 39354K [0x00000000c0000000, 0x00000000e8580000, 0x00000000eab00000)
  object space 660992K, 5% used [0x00000000c0000000,0x00000000c266e998,0x00000000e8580000)
 Metaspace       used 62126K, capacity 62612K, committed 62848K, reserved 1099776K
  class space    used 11479K, capacity 11605K, committed 11648K, reserved 1048576K
}

