# JRE version: OpenJDK Runtime Environment (8.0_91-b14) (build 1.8.0_91-8u91-b14-0ubuntu4~14.04-b14)
# Java VM: OpenJDK 64-Bit Server VM (25.91-b14 mixed mode linux-amd64 compressed oops)
Heap:
 PSYoungGen      total 320512K, used 75156K [0x00000000eab00000, 0x0000000100000000, 0x0000000100000000)
  eden space 291840K, 15% used [0x00000000eab00000,0x00000000ed867a40,0x00000000fc800000)
  from space 28672K, 99% used [0x00000000fc800000,0x00000000fe3fd8d0,0x00000000fe400000)
  to   space 28672K, 0% used [0x00000000fe400000,0x00000000fe400000,0x0000000100000000)
 ParOldGen       total 449024K, used 42563K [0x00000000c0000000, 0x00000000db680000, 0x00000000eab00000)
  object space 449024K, 9% used [0x00000000c0000000,0x00000000c2990e08,0x00000000db680000)
 Metaspace       used 90124K, capacity 90990K, committed 91392K, reserved 1124352K
  class space    used 15623K, capacity 15852K, committed 15872K, reserved 1048576K
GC Heap History (10 events):
Event: 7.076 GC heap before
{Heap before GC invocations=6 (full 2):
 PSYoungGen      total 249344K, used 239104K [0x00000000eab00000, 0x00000000fc180000, 0x0000000100000000)
  eden space 239104K, 100% used [0x00000000eab00000,0x00000000f9480000,0x00000000f9480000)
  from space 10240K, 0% used [0x00000000fa100000,0x00000000fa100000,0x00000000fab00000)
  to   space 21504K, 0% used [0x00000000fac80000,0x00000000fac80000,0x00000000fc180000)
 ParOldGen       total 353280K, used 12856K [0x00000000c0000000, 0x00000000d5900000, 0x00000000eab00000)
  object space 353280K, 3% used [0x00000000c0000000,0x00000000c0c8e020,0x00000000d5900000)
 Metaspace       used 46959K, capacity 47410K, committed 47616K, reserved 1087488K
  class space    used 9017K, capacity 9146K, committed 9216K, reserved 1048576K
Event: 7.096 GC heap after
Heap after GC invocations=6 (full 2):
 PSYoungGen      total 263680K, used 16764K [0x00000000eab00000, 0x0000000100000000, 0x0000000100000000)
  eden space 242176K, 0% used [0x00000000eab00000,0x00000000eab00000,0x00000000f9780000)
  from space 21504K, 77% used [0x00000000fac80000,0x00000000fbcdf330,0x00000000fc180000)
  to   space 21504K, 0% used [0x00000000f9780000,0x00000000f9780000,0x00000000fac80000)
 ParOldGen       total 353280K, used 12864K [0x00000000c0000000, 0x00000000d5900000, 0x00000000eab00000)
  object space 353280K, 3% used [0x00000000c0000000,0x00000000c0c90020,0x00000000d5900000)
 Metaspace       used 46959K, capacity 47410K, committed 47616K, reserved 1087488K
  class space    used 9017K, capacity 9146K, committed 9216K, reserved 1048576K
}
Event: 17.894 GC heap before
{Heap before GC invocations=7 (full 2):
 PSYoungGen      total 263680K, used 258940K [0x00000000eab00000, 0x0000000100000000, 0x0000000100000000)
  eden space 242176K, 100% used [0x00000000eab00000,0x00000000f9780000,0x00000000f9780000)
  from space 21504K, 77% used [0x00000000fac80000,0x00000000fbcdf330,0x00000000fc180000)
  to   space 21504K, 0% used [0x00000000f9780000,0x00000000f9780000,0x00000000fac80000)
 ParOldGen       total 353280K, used 12864K [0x00000000c0000000, 0x00000000d5900000, 0x00000000eab00000)
  object space 353280K, 3% used [0x00000000c0000000,0x00000000c0c90020,0x00000000d5900000)
 Metaspace       used 56479K, capacity 56950K, committed 57088K, reserved 1095680K
  class space    used 10772K, capacity 10912K, committed 11008K, reserved 1048576K
Event: 17.949 GC heap after
Heap after GC invocations=7 (full 2):
 PSYoungGen      total 263680K, used 21485K [0x00000000eab00000, 0x0000000100000000, 0x0000000100000000)
  eden space 242176K, 0% used [0x00000000eab00000,0x00000000eab00000,0x00000000f9780000)
  from space 21504K, 99% used [0x00000000f9780000,0x00000000fac7b6e8,0x00000000fac80000)
  to   space 27648K, 0% used [0x00000000fe500000,0x00000000fe500000,0x0000000100000000)
 ParOldGen       total 353280K, used 17887K [0x00000000c0000000, 0x00000000d5900000, 0x00000000eab00000)
  object space 353280K, 5% used [0x00000000c0000000,0x00000000c1177e90,0x00000000d5900000)
 Metaspace       used 56479K, capacity 56950K, committed 57088K, reserved 1095680K
  class space    used 10772K, capacity 10912K, committed 11008K, reserved 1048576K
}
Event: 18.229 GC heap before
{Heap before GC invocations=8 (full 2):
 PSYoungGen      total 263680K, used 46281K [0x00000000eab00000, 0x0000000100000000, 0x0000000100000000)
  eden space 242176K, 10% used [0x00000000eab00000,0x00000000ec336ea0,0x00000000f9780000)
  from space 21504K, 99% used [0x00000000f9780000,0x00000000fac7b6e8,0x00000000fac80000)
  to   space 27648K, 0% used [0x00000000fe500000,0x00000000fe500000,0x0000000100000000)
 ParOldGen       total 353280K, used 17887K [0x00000000c0000000, 0x00000000d5900000, 0x00000000eab00000)
  object space 353280K, 5% used [0x00000000c0000000,0x00000000c1177e90,0x00000000d5900000)
 Metaspace       used 58569K, capacity 59030K, committed 59136K, reserved 1097728K
  class space    used 11093K, capacity 11200K, committed 11264K, reserved 1048576K
Event: 18.249 GC heap after
Heap after GC invocations=8 (full 2):
 PSYoungGen      total 319488K, used 20706K [0x00000000eab00000, 0x0000000100000000, 0x0000000100000000)
  eden space 291840K, 0% used [0x00000000eab00000,0x00000000eab00000,0x00000000fc800000)
  from space 27648K, 74% used [0x00000000fe500000,0x00000000ff938ac0,0x0000000100000000)
  to   space 28672K, 0% used [0x00000000fc800000,0x00000000fc800000,0x00000000fe400000)
 ParOldGen       total 353280K, used 17895K [0x00000000c0000000, 0x00000000d5900000, 0x00000000eab00000)
  object space 353280K, 5% used [0x00000000c0000000,0x00000000c1179e90,0x00000000d5900000)
 Metaspace       used 58569K, capacity 59030K, committed 59136K, reserved 1097728K
  class space    used 11093K, capacity 11200K, committed 11264K, reserved 1048576K
}
Event: 18.249 GC heap before
{Heap before GC invocations=9 (full 3):
 PSYoungGen      total 319488K, used 20706K [0x00000000eab00000, 0x0000000100000000, 0x0000000100000000)
  eden space 291840K, 0% used [0x00000000eab00000,0x00000000eab00000,0x00000000fc800000)
  from space 27648K, 74% used [0x00000000fe500000,0x00000000ff938ac0,0x0000000100000000)
  to   space 28672K, 0% used [0x00000000fc800000,0x00000000fc800000,0x00000000fe400000)
 ParOldGen       total 353280K, used 17895K [0x00000000c0000000, 0x00000000d5900000, 0x00000000eab00000)
  object space 353280K, 5% used [0x00000000c0000000,0x00000000c1179e90,0x00000000d5900000)
 Metaspace       used 58569K, capacity 59030K, committed 59136K, reserved 1097728K
  class space    used 11093K, capacity 11200K, committed 11264K, reserved 1048576K
Event: 18.432 GC heap after
Heap after GC invocations=9 (full 3):
 PSYoungGen      total 319488K, used 0K [0x00000000eab00000, 0x0000000100000000, 0x0000000100000000)
  eden space 291840K, 0% used [0x00000000eab00000,0x00000000eab00000,0x00000000fc800000)
  from space 27648K, 0% used [0x00000000fe500000,0x00000000fe500000,0x0000000100000000)
  to   space 28672K, 0% used [0x00000000fc800000,0x00000000fc800000,0x00000000fe400000)
 ParOldGen       total 449024K, used 27371K [0x00000000c0000000, 0x00000000db680000, 0x00000000eab00000)
  object space 449024K, 6% used [0x00000000c0000000,0x00000000c1abad58,0x00000000db680000)
 Metaspace       used 58290K, capacity 58702K, committed 59136K, reserved 1097728K
  class space    used 11050K, capacity 11156K, committed 11264K, reserved 1048576K
}
Event: 763.165 GC heap before
{Heap before GC invocations=10 (full 3):
 PSYoungGen      total 319488K, used 291840K [0x00000000eab00000, 0x0000000100000000, 0x0000000100000000)
  eden space 291840K, 100% used [0x00000000eab00000,0x00000000fc800000,0x00000000fc800000)
  from space 27648K, 0% used [0x00000000fe500000,0x00000000fe500000,0x0000000100000000)
  to   space 28672K, 0% used [0x00000000fc800000,0x00000000fc800000,0x00000000fe400000)
 ParOldGen       total 449024K, used 27371K [0x00000000c0000000, 0x00000000db680000, 0x00000000eab00000)
  object space 449024K, 6% used [0x00000000c0000000,0x00000000c1abad58,0x00000000db680000)
 Metaspace       used 83568K, capacity 84386K, committed 84736K, reserved 1120256K
  class space    used 14401K, capacity 14592K, committed 14592K, reserved 1048576K
Event: 763.203 GC heap after
Heap after GC invocations=10 (full 3):
 PSYoungGen      total 320512K, used 28662K [0x00000000eab00000, 0x0000000100000000, 0x0000000100000000)
  eden space 291840K, 0% used [0x00000000eab00000,0x00000000eab00000,0x00000000fc800000)
  from space 28672K, 99% used [0x00000000fc800000,0x00000000fe3fd8d0,0x00000000fe400000)
  to   space 28672K, 0% used [0x00000000fe400000,0x00000000fe400000,0x0000000100000000)
 ParOldGen       total 449024K, used 42563K [0x00000000c0000000, 0x00000000db680000, 0x00000000eab00000)
  object space 449024K, 9% used [0x00000000c0000000,0x00000000c2990e08,0x00000000db680000)
 Metaspace       used 83568K, capacity 84386K, committed 84736K, reserved 1120256K
  class space    used 14401K, capacity 14592K, committed 14592K, reserved 1048576K
}

