# JRE version: OpenJDK Runtime Environment (8.0_91-b14) (build 1.8.0_91-8u91-b14-0ubuntu4~14.04-b14)
# Java VM: OpenJDK 64-Bit Server VM (25.91-b14 mixed mode linux-amd64 compressed oops)
Heap:
 PSYoungGen      total 189952K, used 64868K [0x00000000eab00000, 0x00000000f9f80000, 0x0000000100000000)
  eden space 168448K, 33% used [0x00000000eab00000,0x00000000ee2de740,0x00000000f4f80000)
  from space 21504K, 35% used [0x00000000f6480000,0x00000000f6bfa918,0x00000000f7980000)
  to   space 21504K, 0% used [0x00000000f4f80000,0x00000000f4f80000,0x00000000f6480000)
 ParOldGen       total 381952K, used 12706K [0x00000000c0000000, 0x00000000d7500000, 0x00000000eab00000)
  object space 381952K, 3% used [0x00000000c0000000,0x00000000c0c68bd8,0x00000000d7500000)
 Metaspace       used 42671K, capacity 43126K, committed 43392K, reserved 1083392K
  class space    used 8380K, capacity 8506K, committed 8576K, reserved 1048576K
GC Heap History (10 events):
Event: 2.100 GC heap before
{Heap before GC invocations=2 (full 1):
 PSYoungGen      total 153088K, used 15430K [0x00000000eab00000, 0x00000000f5580000, 0x0000000100000000)
  eden space 131584K, 0% used [0x00000000eab00000,0x00000000eab00000,0x00000000f2b80000)
  from space 21504K, 71% used [0x00000000f2b80000,0x00000000f3a91980,0x00000000f4080000)
  to   space 21504K, 0% used [0x00000000f4080000,0x00000000f4080000,0x00000000f5580000)
 ParOldGen       total 349696K, used 16K [0x00000000c0000000, 0x00000000d5580000, 0x00000000eab00000)
  object space 349696K, 0% used [0x00000000c0000000,0x00000000c0004000,0x00000000d5580000)
 Metaspace       used 20968K, capacity 21140K, committed 21296K, reserved 1067008K
  class space    used 3541K, capacity 3630K, committed 3712K, reserved 1048576K
Event: 2.144 GC heap after
Heap after GC invocations=2 (full 1):
 PSYoungGen      total 153088K, used 0K [0x00000000eab00000, 0x00000000f5580000, 0x0000000100000000)
  eden space 131584K, 0% used [0x00000000eab00000,0x00000000eab00000,0x00000000f2b80000)
  from space 21504K, 0% used [0x00000000f2b80000,0x00000000f2b80000,0x00000000f4080000)
  to   space 21504K, 0% used [0x00000000f4080000,0x00000000f4080000,0x00000000f5580000)
 ParOldGen       total 349696K, used 14690K [0x00000000c0000000, 0x00000000d5580000, 0x00000000eab00000)
  object space 349696K, 4% used [0x00000000c0000000,0x00000000c0e58940,0x00000000d5580000)
 Metaspace       used 20968K, capacity 21140K, committed 21296K, reserved 1067008K
  class space    used 3541K, capacity 3630K, committed 3712K, reserved 1048576K
}
Event: 5.093 GC heap before
{Heap before GC invocations=3 (full 1):
 PSYoungGen      total 153088K, used 131584K [0x00000000eab00000, 0x00000000f5580000, 0x0000000100000000)
  eden space 131584K, 100% used [0x00000000eab00000,0x00000000f2b80000,0x00000000f2b80000)
  from space 21504K, 0% used [0x00000000f2b80000,0x00000000f2b80000,0x00000000f4080000)
  to   space 21504K, 0% used [0x00000000f4080000,0x00000000f4080000,0x00000000f5580000)
 ParOldGen       total 349696K, used 14690K [0x00000000c0000000, 0x00000000d5580000, 0x00000000eab00000)
  object space 349696K, 4% used [0x00000000c0000000,0x00000000c0e58940,0x00000000d5580000)
 Metaspace       used 30300K, capacity 30578K, committed 30720K, reserved 1075200K
  class space    used 5773K, capacity 5878K, committed 5888K, reserved 1048576K
Event: 5.128 GC heap after
Heap after GC invocations=3 (full 1):
 PSYoungGen      total 153088K, used 10869K [0x00000000eab00000, 0x00000000f8000000, 0x0000000100000000)
  eden space 131584K, 0% used [0x00000000eab00000,0x00000000eab00000,0x00000000f2b80000)
  from space 21504K, 50% used [0x00000000f4080000,0x00000000f4b1d630,0x00000000f5580000)
  to   space 21504K, 0% used [0x00000000f2b80000,0x00000000f2b80000,0x00000000f4080000)
 ParOldGen       total 349696K, used 14698K [0x00000000c0000000, 0x00000000d5580000, 0x00000000eab00000)
  object space 349696K, 4% used [0x00000000c0000000,0x00000000c0e5a940,0x00000000d5580000)
 Metaspace       used 30300K, capacity 30578K, committed 30720K, reserved 1075200K
  class space    used 5773K, capacity 5878K, committed 5888K, reserved 1048576K
}
Event: 6.766 GC heap before
{Heap before GC invocations=4 (full 1):
 PSYoungGen      total 153088K, used 94527K [0x00000000eab00000, 0x00000000f8000000, 0x0000000100000000)
  eden space 131584K, 63% used [0x00000000eab00000,0x00000000efcb2928,0x00000000f2b80000)
  from space 21504K, 50% used [0x00000000f4080000,0x00000000f4b1d630,0x00000000f5580000)
  to   space 21504K, 0% used [0x00000000f2b80000,0x00000000f2b80000,0x00000000f4080000)
 ParOldGen       total 349696K, used 14698K [0x00000000c0000000, 0x00000000d5580000, 0x00000000eab00000)
  object space 349696K, 4% used [0x00000000c0000000,0x00000000c0e5a940,0x00000000d5580000)
 Metaspace       used 35129K, capacity 35480K, committed 35496K, reserved 1077248K
  class space    used 6788K, capacity 6896K, committed 6912K, reserved 1048576K
Event: 6.772 GC heap after
Heap after GC invocations=4 (full 1):
 PSYoungGen      total 153088K, used 9562K [0x00000000eab00000, 0x00000000f7980000, 0x0000000100000000)
  eden space 131584K, 0% used [0x00000000eab00000,0x00000000eab00000,0x00000000f2b80000)
  from space 21504K, 44% used [0x00000000f2b80000,0x00000000f34d69a8,0x00000000f4080000)
  to   space 21504K, 0% used [0x00000000f6480000,0x00000000f6480000,0x00000000f7980000)
 ParOldGen       total 349696K, used 14706K [0x00000000c0000000, 0x00000000d5580000, 0x00000000eab00000)
  object space 349696K, 4% used [0x00000000c0000000,0x00000000c0e5c940,0x00000000d5580000)
 Metaspace       used 35129K, capacity 35480K, committed 35496K, reserved 1077248K
  class space    used 6788K, capacity 6896K, committed 6912K, reserved 1048576K
}
Event: 6.772 GC heap before
{Heap before GC invocations=5 (full 2):
 PSYoungGen      total 153088K, used 9562K [0x00000000eab00000, 0x00000000f7980000, 0x0000000100000000)
  eden space 131584K, 0% used [0x00000000eab00000,0x00000000eab00000,0x00000000f2b80000)
  from space 21504K, 44% used [0x00000000f2b80000,0x00000000f34d69a8,0x00000000f4080000)
  to   space 21504K, 0% used [0x00000000f6480000,0x00000000f6480000,0x00000000f7980000)
 ParOldGen       total 349696K, used 14706K [0x00000000c0000000, 0x00000000d5580000, 0x00000000eab00000)
  object space 349696K, 4% used [0x00000000c0000000,0x00000000c0e5c940,0x00000000d5580000)
 Metaspace       used 35129K, capacity 35480K, committed 35496K, reserved 1077248K
  class space    used 6788K, capacity 6896K, committed 6912K, reserved 1048576K
Event: 6.808 GC heap after
Heap after GC invocations=5 (full 2):
 PSYoungGen      total 153088K, used 0K [0x00000000eab00000, 0x00000000f7980000, 0x0000000100000000)
  eden space 131584K, 0% used [0x00000000eab00000,0x00000000eab00000,0x00000000f2b80000)
  from space 21504K, 0% used [0x00000000f2b80000,0x00000000f2b80000,0x00000000f4080000)
  to   space 21504K, 0% used [0x00000000f6480000,0x00000000f6480000,0x00000000f7980000)
 ParOldGen       total 381952K, used 12698K [0x00000000c0000000, 0x00000000d7500000, 0x00000000eab00000)
  object space 381952K, 3% used [0x00000000c0000000,0x00000000c0c66bd8,0x00000000d7500000)
 Metaspace       used 35118K, capacity 35462K, committed 35496K, reserved 1077248K
  class space    used 6786K, capacity 6890K, committed 6912K, reserved 1048576K
}
Event: 7.685 GC heap before
{Heap before GC invocations=6 (full 2):
 PSYoungGen      total 153088K, used 131584K [0x00000000eab00000, 0x00000000f7980000, 0x0000000100000000)
  eden space 131584K, 100% used [0x00000000eab00000,0x00000000f2b80000,0x00000000f2b80000)
  from space 21504K, 0% used [0x00000000f2b80000,0x00000000f2b80000,0x00000000f4080000)
  to   space 21504K, 0% used [0x00000000f6480000,0x00000000f6480000,0x00000000f7980000)
 ParOldGen       total 381952K, used 12698K [0x00000000c0000000, 0x00000000d7500000, 0x00000000eab00000)
  object space 381952K, 3% used [0x00000000c0000000,0x00000000c0c66bd8,0x00000000d7500000)
 Metaspace       used 39267K, capacity 39718K, committed 39936K, reserved 1081344K
  class space    used 7658K, capacity 7818K, committed 7936K, reserved 1048576K
Event: 7.735 GC heap after
Heap after GC invocations=6 (full 2):
 PSYoungGen      total 189952K, used 7658K [0x00000000eab00000, 0x00000000f9f80000, 0x0000000100000000)
  eden space 168448K, 0% used [0x00000000eab00000,0x00000000eab00000,0x00000000f4f80000)
  from space 21504K, 35% used [0x00000000f6480000,0x00000000f6bfa918,0x00000000f7980000)
  to   space 21504K, 0% used [0x00000000f4f80000,0x00000000f4f80000,0x00000000f6480000)
 ParOldGen       total 381952K, used 12706K [0x00000000c0000000, 0x00000000d7500000, 0x00000000eab00000)
  object space 381952K, 3% used [0x00000000c0000000,0x00000000c0c68bd8,0x00000000d7500000)
 Metaspace       used 39267K, capacity 39718K, committed 39936K, reserved 1081344K
  class space    used 7658K, capacity 7818K, committed 7936K, reserved 1048576K
}

