# JRE version: OpenJDK Runtime Environment (8.0_91-b14) (build 1.8.0_91-8u91-b14-0ubuntu4~14.04-b14)
# Java VM: OpenJDK 64-Bit Server VM (25.91-b14 mixed mode linux-amd64 compressed oops)
Heap:
 PSYoungGen      total 229376K, used 203476K [0x00000000eab00000, 0x00000000fd900000, 0x0000000100000000)
  eden space 207360K, 98% used [0x00000000eab00000,0x00000000f71b5250,0x00000000f7580000)
  from space 22016K, 0% used [0x00000000f9480000,0x00000000f9480000,0x00000000faa00000)
  to   space 31744K, 0% used [0x00000000f7580000,0x00000000f7580000,0x00000000f9480000)
 ParOldGen       total 574464K, used 38872K [0x00000000c0000000, 0x00000000e3100000, 0x00000000eab00000)
  object space 574464K, 6% used [0x00000000c0000000,0x00000000c25f6088,0x00000000e3100000)
 Metaspace       used 72578K, capacity 73120K, committed 73216K, reserved 1110016K
  class space    used 13349K, capacity 13505K, committed 13568K, reserved 1048576K
GC Heap History (10 events):
Event: 10.965 GC heap before
{Heap before GC invocations=5 (full 2):
 PSYoungGen      total 153088K, used 9279K [0x00000000eab00000, 0x00000000f7600000, 0x0000000100000000)
  eden space 131584K, 0% used [0x00000000eab00000,0x00000000eab00000,0x00000000f2b80000)
  from space 21504K, 43% used [0x00000000f2b80000,0x00000000f348fd38,0x00000000f4080000)
  to   space 21504K, 0% used [0x00000000f6100000,0x00000000f6100000,0x00000000f7600000)
 ParOldGen       total 349696K, used 14633K [0x00000000c0000000, 0x00000000d5580000, 0x00000000eab00000)
  object space 349696K, 4% used [0x00000000c0000000,0x00000000c0e4a6e8,0x00000000d5580000)
 Metaspace       used 35142K, capacity 35476K, committed 35496K, reserved 1077248K
  class space    used 6788K, capacity 6896K, committed 6912K, reserved 1048576K
Event: 11.002 GC heap after
Heap after GC invocations=5 (full 2):
 PSYoungGen      total 153088K, used 0K [0x00000000eab00000, 0x00000000f7600000, 0x0000000100000000)
  eden space 131584K, 0% used [0x00000000eab00000,0x00000000eab00000,0x00000000f2b80000)
  from space 21504K, 0% used [0x00000000f2b80000,0x00000000f2b80000,0x00000000f4080000)
  to   space 21504K, 0% used [0x00000000f6100000,0x00000000f6100000,0x00000000f7600000)
 ParOldGen       total 405504K, used 12449K [0x00000000c0000000, 0x00000000d8c00000, 0x00000000eab00000)
  object space 405504K, 3% used [0x00000000c0000000,0x00000000c0c286c0,0x00000000d8c00000)
 Metaspace       used 35130K, capacity 35458K, committed 35496K, reserved 1077248K
  class space    used 6786K, capacity 6890K, committed 6912K, reserved 1048576K
}
Event: 12.046 GC heap before
{Heap before GC invocations=6 (full 2):
 PSYoungGen      total 153088K, used 131584K [0x00000000eab00000, 0x00000000f7600000, 0x0000000100000000)
  eden space 131584K, 100% used [0x00000000eab00000,0x00000000f2b80000,0x00000000f2b80000)
  from space 21504K, 0% used [0x00000000f2b80000,0x00000000f2b80000,0x00000000f4080000)
  to   space 21504K, 0% used [0x00000000f6100000,0x00000000f6100000,0x00000000f7600000)
 ParOldGen       total 405504K, used 12449K [0x00000000c0000000, 0x00000000d8c00000, 0x00000000eab00000)
  object space 405504K, 3% used [0x00000000c0000000,0x00000000c0c286c0,0x00000000d8c00000)
 Metaspace       used 39402K, capacity 39778K, committed 39936K, reserved 1081344K
  class space    used 7673K, capacity 7818K, committed 7936K, reserved 1048576K
Event: 12.054 GC heap after
Heap after GC invocations=6 (full 2):
 PSYoungGen      total 186368K, used 7729K [0x00000000eab00000, 0x00000000f8180000, 0x0000000100000000)
  eden space 164864K, 0% used [0x00000000eab00000,0x00000000eab00000,0x00000000f4c00000)
  from space 21504K, 35% used [0x00000000f6100000,0x00000000f688c410,0x00000000f7600000)
  to   space 21504K, 0% used [0x00000000f4c00000,0x00000000f4c00000,0x00000000f6100000)
 ParOldGen       total 405504K, used 12457K [0x00000000c0000000, 0x00000000d8c00000, 0x00000000eab00000)
  object space 405504K, 3% used [0x00000000c0000000,0x00000000c0c2a6c0,0x00000000d8c00000)
 Metaspace       used 39402K, capacity 39778K, committed 39936K, reserved 1081344K
  class space    used 7673K, capacity 7818K, committed 7936K, reserved 1048576K
}
Event: 18.412 GC heap before
{Heap before GC invocations=7 (full 2):
 PSYoungGen      total 186368K, used 172593K [0x00000000eab00000, 0x00000000f8180000, 0x0000000100000000)
  eden space 164864K, 100% used [0x00000000eab00000,0x00000000f4c00000,0x00000000f4c00000)
  from space 21504K, 35% used [0x00000000f6100000,0x00000000f688c410,0x00000000f7600000)
  to   space 21504K, 0% used [0x00000000f4c00000,0x00000000f4c00000,0x00000000f6100000)
 ParOldGen       total 405504K, used 12457K [0x00000000c0000000, 0x00000000d8c00000, 0x00000000eab00000)
  object space 405504K, 3% used [0x00000000c0000000,0x00000000c0c2a6c0,0x00000000d8c00000)
 Metaspace       used 52865K, capacity 53298K, committed 53376K, reserved 1093632K
  class space    used 9963K, capacity 10106K, committed 10112K, reserved 1048576K
Event: 18.429 GC heap after
Heap after GC invocations=7 (full 2):
 PSYoungGen      total 186368K, used 20069K [0x00000000eab00000, 0x00000000faa00000, 0x0000000100000000)
  eden space 164864K, 0% used [0x00000000eab00000,0x00000000eab00000,0x00000000f4c00000)
  from space 21504K, 93% used [0x00000000f4c00000,0x00000000f5f997e8,0x00000000f6100000)
  to   space 22016K, 0% used [0x00000000f9480000,0x00000000f9480000,0x00000000faa00000)
 ParOldGen       total 405504K, used 12465K [0x00000000c0000000, 0x00000000d8c00000, 0x00000000eab00000)
  object space 405504K, 3% used [0x00000000c0000000,0x00000000c0c2c6c0,0x00000000d8c00000)
 Metaspace       used 52865K, capacity 53298K, committed 53376K, reserved 1093632K
  class space    used 9963K, capacity 10106K, committed 10112K, reserved 1048576K
}
Event: 19.575 GC heap before
{Heap before GC invocations=8 (full 2):
 PSYoungGen      total 186368K, used 87507K [0x00000000eab00000, 0x00000000faa00000, 0x0000000100000000)
  eden space 164864K, 40% used [0x00000000eab00000,0x00000000eecdb4e0,0x00000000f4c00000)
  from space 21504K, 93% used [0x00000000f4c00000,0x00000000f5f997e8,0x00000000f6100000)
  to   space 22016K, 0% used [0x00000000f9480000,0x00000000f9480000,0x00000000faa00000)
 ParOldGen       total 405504K, used 12465K [0x00000000c0000000, 0x00000000d8c00000, 0x00000000eab00000)
  object space 405504K, 3% used [0x00000000c0000000,0x00000000c0c2c6c0,0x00000000d8c00000)
 Metaspace       used 58517K, capacity 59012K, committed 59136K, reserved 1097728K
  class space    used 10789K, capacity 10941K, committed 11008K, reserved 1048576K
Event: 19.602 GC heap after
Heap after GC invocations=8 (full 2):
 PSYoungGen      total 229376K, used 22015K [0x00000000eab00000, 0x00000000fd900000, 0x0000000100000000)
  eden space 207360K, 0% used [0x00000000eab00000,0x00000000eab00000,0x00000000f7580000)
  from space 22016K, 99% used [0x00000000f9480000,0x00000000fa9fff90,0x00000000faa00000)
  to   space 31744K, 0% used [0x00000000f7580000,0x00000000f7580000,0x00000000f9480000)
 ParOldGen       total 405504K, used 22533K [0x00000000c0000000, 0x00000000d8c00000, 0x00000000eab00000)
  object space 405504K, 5% used [0x00000000c0000000,0x00000000c16016a8,0x00000000d8c00000)
 Metaspace       used 58517K, capacity 59012K, committed 59136K, reserved 1097728K
  class space    used 10789K, capacity 10941K, committed 11008K, reserved 1048576K
}
Event: 19.602 GC heap before
{Heap before GC invocations=9 (full 3):
 PSYoungGen      total 229376K, used 22015K [0x00000000eab00000, 0x00000000fd900000, 0x0000000100000000)
  eden space 207360K, 0% used [0x00000000eab00000,0x00000000eab00000,0x00000000f7580000)
  from space 22016K, 99% used [0x00000000f9480000,0x00000000fa9fff90,0x00000000faa00000)
  to   space 31744K, 0% used [0x00000000f7580000,0x00000000f7580000,0x00000000f9480000)
 ParOldGen       total 405504K, used 22533K [0x00000000c0000000, 0x00000000d8c00000, 0x00000000eab00000)
  object space 405504K, 5% used [0x00000000c0000000,0x00000000c16016a8,0x00000000d8c00000)
 Metaspace       used 58517K, capacity 59012K, committed 59136K, reserved 1097728K
  class space    used 10789K, capacity 10941K, committed 11008K, reserved 1048576K
Event: 19.764 GC heap after
Heap after GC invocations=9 (full 3):
 PSYoungGen      total 229376K, used 0K [0x00000000eab00000, 0x00000000fd900000, 0x0000000100000000)
  eden space 207360K, 0% used [0x00000000eab00000,0x00000000eab00000,0x00000000f7580000)
  from space 22016K, 0% used [0x00000000f9480000,0x00000000f9480000,0x00000000faa00000)
  to   space 31744K, 0% used [0x00000000f7580000,0x00000000f7580000,0x00000000f9480000)
 ParOldGen       total 574464K, used 38872K [0x00000000c0000000, 0x00000000e3100000, 0x00000000eab00000)
  object space 574464K, 6% used [0x00000000c0000000,0x00000000c25f6088,0x00000000e3100000)
 Metaspace       used 58505K, capacity 58996K, committed 59136K, reserved 1097728K
  class space    used 10785K, capacity 10937K, committed 11008K, reserved 1048576K
}

