# JRE version: OpenJDK Runtime Environment (8.0_91-b14) (build 1.8.0_91-8u91-b14-0ubuntu4~14.04-b14)
# Java VM: OpenJDK 64-Bit Server VM (25.91-b14 mixed mode linux-amd64 compressed oops)
Heap:
 PSYoungGen      total 301568K, used 261695K [0x00000000eab00000, 0x0000000100000000, 0x0000000100000000)
  eden space 268800K, 94% used [0x00000000eab00000,0x00000000fa45c3a8,0x00000000fb180000)
  from space 32768K, 19% used [0x00000000fb180000,0x00000000fb7b3c48,0x00000000fd180000)
  to   space 31744K, 0% used [0x00000000fe100000,0x00000000fe100000,0x0000000100000000)
 ParOldGen       total 349696K, used 39098K [0x00000000c0000000, 0x00000000d5580000, 0x00000000eab00000)
  object space 349696K, 11% used [0x00000000c0000000,0x00000000c262eaa8,0x00000000d5580000)
 Metaspace       used 77413K, capacity 78026K, committed 78208K, reserved 1114112K
  class space    used 14018K, capacity 14179K, committed 14208K, reserved 1048576K
GC Heap History (10 events):
Event: 82.388 GC heap before
{Heap before GC invocations=8 (full 2):
 PSYoungGen      total 201216K, used 95103K [0x00000000eab00000, 0x00000000f8780000, 0x0000000100000000)
  eden space 180736K, 41% used [0x00000000eab00000,0x00000000ef4350b0,0x00000000f5b80000)
  from space 20480K, 98% used [0x00000000f5f80000,0x00000000f732adb0,0x00000000f7380000)
  to   space 20480K, 0% used [0x00000000f7380000,0x00000000f7380000,0x00000000f8780000)
 ParOldGen       total 349696K, used 12765K [0x00000000c0000000, 0x00000000d5580000, 0x00000000eab00000)
  object space 349696K, 3% used [0x00000000c0000000,0x00000000c0c774b0,0x00000000d5580000)
 Metaspace       used 58558K, capacity 59006K, committed 59136K, reserved 1097728K
  class space    used 10788K, capacity 10940K, committed 11008K, reserved 1048576K
Event: 82.423 GC heap after
Heap after GC invocations=8 (full 2):
 PSYoungGen      total 193536K, used 20458K [0x00000000eab00000, 0x00000000ffc80000, 0x0000000100000000)
  eden space 173056K, 0% used [0x00000000eab00000,0x00000000eab00000,0x00000000f5400000)
  from space 20480K, 99% used [0x00000000f7380000,0x00000000f877a9b8,0x00000000f8780000)
  to   space 32256K, 0% used [0x00000000f5400000,0x00000000f5400000,0x00000000f7380000)
 ParOldGen       total 349696K, used 24709K [0x00000000c0000000, 0x00000000d5580000, 0x00000000eab00000)
  object space 349696K, 7% used [0x00000000c0000000,0x00000000c1821500,0x00000000d5580000)
 Metaspace       used 58558K, capacity 59006K, committed 59136K, reserved 1097728K
  class space    used 10788K, capacity 10940K, committed 11008K, reserved 1048576K
}
Event: 82.423 GC heap before
{Heap before GC invocations=9 (full 3):
 PSYoungGen      total 193536K, used 20458K [0x00000000eab00000, 0x00000000ffc80000, 0x0000000100000000)
  eden space 173056K, 0% used [0x00000000eab00000,0x00000000eab00000,0x00000000f5400000)
  from space 20480K, 99% used [0x00000000f7380000,0x00000000f877a9b8,0x00000000f8780000)
  to   space 32256K, 0% used [0x00000000f5400000,0x00000000f5400000,0x00000000f7380000)
 ParOldGen       total 349696K, used 24709K [0x00000000c0000000, 0x00000000d5580000, 0x00000000eab00000)
  object space 349696K, 7% used [0x00000000c0000000,0x00000000c1821500,0x00000000d5580000)
 Metaspace       used 58558K, capacity 59006K, committed 59136K, reserved 1097728K
  class space    used 10788K, capacity 10940K, committed 11008K, reserved 1048576K
Event: 82.569 GC heap after
Heap after GC invocations=9 (full 3):
 PSYoungGen      total 193536K, used 0K [0x00000000eab00000, 0x00000000ffc80000, 0x0000000100000000)
  eden space 173056K, 0% used [0x00000000eab00000,0x00000000eab00000,0x00000000f5400000)
  from space 20480K, 0% used [0x00000000f7380000,0x00000000f7380000,0x00000000f8780000)
  to   space 32256K, 0% used [0x00000000f5400000,0x00000000f5400000,0x00000000f7380000)
 ParOldGen       total 349696K, used 39090K [0x00000000c0000000, 0x00000000d5580000, 0x00000000eab00000)
  object space 349696K, 11% used [0x00000000c0000000,0x00000000c262caa8,0x00000000d5580000)
 Metaspace       used 58546K, capacity 58990K, committed 59136K, reserved 1097728K
  class space    used 10785K, capacity 10936K, committed 11008K, reserved 1048576K
}
Event: 83.216 GC heap before
{Heap before GC invocations=10 (full 3):
 PSYoungGen      total 193536K, used 173056K [0x00000000eab00000, 0x00000000ffc80000, 0x0000000100000000)
  eden space 173056K, 100% used [0x00000000eab00000,0x00000000f5400000,0x00000000f5400000)
  from space 20480K, 0% used [0x00000000f7380000,0x00000000f7380000,0x00000000f8780000)
  to   space 32256K, 0% used [0x00000000f5400000,0x00000000f5400000,0x00000000f7380000)
 ParOldGen       total 349696K, used 39090K [0x00000000c0000000, 0x00000000d5580000, 0x00000000eab00000)
  object space 349696K, 11% used [0x00000000c0000000,0x00000000c262caa8,0x00000000d5580000)
 Metaspace       used 60844K, capacity 61294K, committed 61568K, reserved 1099776K
  class space    used 11234K, capacity 11384K, committed 11392K, reserved 1048576K
Event: 83.219 GC heap after
Heap after GC invocations=10 (full 3):
 PSYoungGen      total 205312K, used 2508K [0x00000000eab00000, 0x00000000ff780000, 0x0000000100000000)
  eden space 173056K, 0% used [0x00000000eab00000,0x00000000eab00000,0x00000000f5400000)
  from space 32256K, 7% used [0x00000000f5400000,0x00000000f5673178,0x00000000f7380000)
  to   space 32768K, 0% used [0x00000000fd780000,0x00000000fd780000,0x00000000ff780000)
 ParOldGen       total 349696K, used 39090K [0x00000000c0000000, 0x00000000d5580000, 0x00000000eab00000)
  object space 349696K, 11% used [0x00000000c0000000,0x00000000c262caa8,0x00000000d5580000)
 Metaspace       used 60844K, capacity 61294K, committed 61568K, reserved 1099776K
  class space    used 11234K, capacity 11384K, committed 11392K, reserved 1048576K
}
Event: 84.384 GC heap before
{Heap before GC invocations=11 (full 3):
 PSYoungGen      total 205312K, used 175564K [0x00000000eab00000, 0x00000000ff780000, 0x0000000100000000)
  eden space 173056K, 100% used [0x00000000eab00000,0x00000000f5400000,0x00000000f5400000)
  from space 32256K, 7% used [0x00000000f5400000,0x00000000f5673178,0x00000000f7380000)
  to   space 32768K, 0% used [0x00000000fd780000,0x00000000fd780000,0x00000000ff780000)
 ParOldGen       total 349696K, used 39090K [0x00000000c0000000, 0x00000000d5580000, 0x00000000eab00000)
  object space 349696K, 11% used [0x00000000c0000000,0x00000000c262caa8,0x00000000d5580000)
 Metaspace       used 61148K, capacity 61588K, committed 61952K, reserved 1099776K
  class space    used 11281K, capacity 11417K, committed 11520K, reserved 1048576K
Event: 84.390 GC heap after
Heap after GC invocations=11 (full 3):
 PSYoungGen      total 295424K, used 2946K [0x00000000eab00000, 0x00000000ff180000, 0x0000000100000000)
  eden space 268800K, 0% used [0x00000000eab00000,0x00000000eab00000,0x00000000fb180000)
  from space 26624K, 11% used [0x00000000fd780000,0x00000000fda60848,0x00000000ff180000)
  to   space 32768K, 0% used [0x00000000fb180000,0x00000000fb180000,0x00000000fd180000)
 ParOldGen       total 349696K, used 39098K [0x00000000c0000000, 0x00000000d5580000, 0x00000000eab00000)
  object space 349696K, 11% used [0x00000000c0000000,0x00000000c262eaa8,0x00000000d5580000)
 Metaspace       used 61148K, capacity 61588K, committed 61952K, reserved 1099776K
  class space    used 11281K, capacity 11417K, committed 11520K, reserved 1048576K
}
Event: 84.863 GC heap before
{Heap before GC invocations=12 (full 3):
 PSYoungGen      total 295424K, used 271746K [0x00000000eab00000, 0x00000000ff180000, 0x0000000100000000)
  eden space 268800K, 100% used [0x00000000eab00000,0x00000000fb180000,0x00000000fb180000)
  from space 26624K, 11% used [0x00000000fd780000,0x00000000fda60848,0x00000000ff180000)
  to   space 32768K, 0% used [0x00000000fb180000,0x00000000fb180000,0x00000000fd180000)
 ParOldGen       total 349696K, used 39098K [0x00000000c0000000, 0x00000000d5580000, 0x00000000eab00000)
  object space 349696K, 11% used [0x00000000c0000000,0x00000000c262eaa8,0x00000000d5580000)
 Metaspace       used 61165K, capacity 61652K, committed 61952K, reserved 1099776K
  class space    used 11283K, capacity 11417K, committed 11520K, reserved 1048576K
Event: 84.869 GC heap after
Heap after GC invocations=12 (full 3):
 PSYoungGen      total 301568K, used 6351K [0x00000000eab00000, 0x0000000100000000, 0x0000000100000000)
  eden space 268800K, 0% used [0x00000000eab00000,0x00000000eab00000,0x00000000fb180000)
  from space 32768K, 19% used [0x00000000fb180000,0x00000000fb7b3c48,0x00000000fd180000)
  to   space 31744K, 0% used [0x00000000fe100000,0x00000000fe100000,0x0000000100000000)
 ParOldGen       total 349696K, used 39098K [0x00000000c0000000, 0x00000000d5580000, 0x00000000eab00000)
  object space 349696K, 11% used [0x00000000c0000000,0x00000000c262eaa8,0x00000000d5580000)
 Metaspace       used 61165K, capacity 61652K, committed 61952K, reserved 1099776K
  class space    used 11283K, capacity 11417K, committed 11520K, reserved 1048576K
}

