# JRE version: OpenJDK Runtime Environment (8.0_91-b14) (build 1.8.0_91-8u91-b14-0ubuntu4~14.04-b14)
# Java VM: OpenJDK 64-Bit Server VM (25.91-b14 mixed mode linux-amd64 compressed oops)
Heap:
 PSYoungGen      total 312832K, used 91120K [0x00000000eab00000, 0x0000000100000000, 0x0000000100000000)
  eden space 278528K, 31% used [0x00000000eab00000,0x00000000f00c0258,0x00000000fbb00000)
  from space 34304K, 9% used [0x00000000fde80000,0x00000000fe1bc080,0x0000000100000000)
  to   space 35328K, 0% used [0x00000000fbb00000,0x00000000fbb00000,0x00000000fdd80000)
 ParOldGen       total 629248K, used 45836K [0x00000000c0000000, 0x00000000e6680000, 0x00000000eab00000)
  object space 629248K, 7% used [0x00000000c0000000,0x00000000c2cc30d8,0x00000000e6680000)
 Metaspace       used 64045K, capacity 64672K, committed 65024K, reserved 1101824K
  class space    used 11731K, capacity 11905K, committed 12032K, reserved 1048576K
GC Heap History (10 events):
Event: 3.987 GC heap before
{Heap before GC invocations=5 (full 2):
 PSYoungGen      total 211968K, used 9926K [0x00000000eab00000, 0x00000000fc180000, 0x0000000100000000)
  eden space 201728K, 0% used [0x00000000eab00000,0x00000000eab00000,0x00000000f7000000)
  from space 10240K, 96% used [0x00000000fa080000,0x00000000faa31a90,0x00000000faa80000)
  to   space 21504K, 0% used [0x00000000fac80000,0x00000000fac80000,0x00000000fc180000)
 ParOldGen       total 349696K, used 14642K [0x00000000c0000000, 0x00000000d5580000, 0x00000000eab00000)
  object space 349696K, 4% used [0x00000000c0000000,0x00000000c0e4ca00,0x00000000d5580000)
 Metaspace       used 35161K, capacity 35476K, committed 35496K, reserved 1077248K
  class space    used 6789K, capacity 6896K, committed 6912K, reserved 1048576K
Event: 4.038 GC heap after
Heap after GC invocations=5 (full 2):
 PSYoungGen      total 211968K, used 0K [0x00000000eab00000, 0x00000000fc180000, 0x0000000100000000)
  eden space 201728K, 0% used [0x00000000eab00000,0x00000000eab00000,0x00000000f7000000)
  from space 10240K, 0% used [0x00000000fa080000,0x00000000fa080000,0x00000000faa80000)
  to   space 21504K, 0% used [0x00000000fac80000,0x00000000fac80000,0x00000000fc180000)
 ParOldGen       total 414208K, used 13072K [0x00000000c0000000, 0x00000000d9480000, 0x00000000eab00000)
  object space 414208K, 3% used [0x00000000c0000000,0x00000000c0cc4278,0x00000000d9480000)
 Metaspace       used 35150K, capacity 35458K, committed 35496K, reserved 1077248K
  class space    used 6786K, capacity 6890K, committed 6912K, reserved 1048576K
}
Event: 5.453 GC heap before
{Heap before GC invocations=6 (full 2):
 PSYoungGen      total 211968K, used 201728K [0x00000000eab00000, 0x00000000fc180000, 0x0000000100000000)
  eden space 201728K, 100% used [0x00000000eab00000,0x00000000f7000000,0x00000000f7000000)
  from space 10240K, 0% used [0x00000000fa080000,0x00000000fa080000,0x00000000faa80000)
  to   space 21504K, 0% used [0x00000000fac80000,0x00000000fac80000,0x00000000fc180000)
 ParOldGen       total 414208K, used 13072K [0x00000000c0000000, 0x00000000d9480000, 0x00000000eab00000)
  object space 414208K, 3% used [0x00000000c0000000,0x00000000c0cc4278,0x00000000d9480000)
 Metaspace       used 43650K, capacity 44082K, committed 44288K, reserved 1085440K
  class space    used 8562K, capacity 8698K, committed 8704K, reserved 1048576K
Event: 5.467 GC heap after
Heap after GC invocations=6 (full 2):
 PSYoungGen      total 263680K, used 13211K [0x00000000eab00000, 0x00000000fd300000, 0x0000000100000000)
  eden space 242176K, 0% used [0x00000000eab00000,0x00000000eab00000,0x00000000f9780000)
  from space 21504K, 61% used [0x00000000fac80000,0x00000000fb966e78,0x00000000fc180000)
  to   space 21504K, 0% used [0x00000000f9780000,0x00000000f9780000,0x00000000fac80000)
 ParOldGen       total 414208K, used 13080K [0x00000000c0000000, 0x00000000d9480000, 0x00000000eab00000)
  object space 414208K, 3% used [0x00000000c0000000,0x00000000c0cc6278,0x00000000d9480000)
 Metaspace       used 43650K, capacity 44082K, committed 44288K, reserved 1085440K
  class space    used 8562K, capacity 8698K, committed 8704K, reserved 1048576K
}
Event: 23.531 GC heap before
{Heap before GC invocations=7 (full 2):
 PSYoungGen      total 263680K, used 177027K [0x00000000eab00000, 0x00000000fd300000, 0x0000000100000000)
  eden space 242176K, 67% used [0x00000000eab00000,0x00000000f4af9e90,0x00000000f9780000)
  from space 21504K, 61% used [0x00000000fac80000,0x00000000fb966e78,0x00000000fc180000)
  to   space 21504K, 0% used [0x00000000f9780000,0x00000000f9780000,0x00000000fac80000)
 ParOldGen       total 414208K, used 13080K [0x00000000c0000000, 0x00000000d9480000, 0x00000000eab00000)
  object space 414208K, 3% used [0x00000000c0000000,0x00000000c0cc6278,0x00000000d9480000)
 Metaspace       used 58588K, capacity 59006K, committed 59136K, reserved 1097728K
  class space    used 10802K, capacity 10940K, committed 11008K, reserved 1048576K
Event: 23.564 GC heap after
Heap after GC invocations=7 (full 2):
 PSYoungGen      total 263680K, used 21480K [0x00000000eab00000, 0x0000000100000000, 0x0000000100000000)
  eden space 242176K, 0% used [0x00000000eab00000,0x00000000eab00000,0x00000000f9780000)
  from space 21504K, 99% used [0x00000000f9780000,0x00000000fac7a180,0x00000000fac80000)
  to   space 34304K, 0% used [0x00000000fde80000,0x00000000fde80000,0x0000000100000000)
 ParOldGen       total 414208K, used 31035K [0x00000000c0000000, 0x00000000d9480000, 0x00000000eab00000)
  object space 414208K, 7% used [0x00000000c0000000,0x00000000c1e4ed08,0x00000000d9480000)
 Metaspace       used 58588K, capacity 59006K, committed 59136K, reserved 1097728K
  class space    used 10802K, capacity 10940K, committed 11008K, reserved 1048576K
}
Event: 23.564 GC heap before
{Heap before GC invocations=8 (full 3):
 PSYoungGen      total 263680K, used 21480K [0x00000000eab00000, 0x0000000100000000, 0x0000000100000000)
  eden space 242176K, 0% used [0x00000000eab00000,0x00000000eab00000,0x00000000f9780000)
  from space 21504K, 99% used [0x00000000f9780000,0x00000000fac7a180,0x00000000fac80000)
  to   space 34304K, 0% used [0x00000000fde80000,0x00000000fde80000,0x0000000100000000)
 ParOldGen       total 414208K, used 31035K [0x00000000c0000000, 0x00000000d9480000, 0x00000000eab00000)
  object space 414208K, 7% used [0x00000000c0000000,0x00000000c1e4ed08,0x00000000d9480000)
 Metaspace       used 58588K, capacity 59006K, committed 59136K, reserved 1097728K
  class space    used 10802K, capacity 10940K, committed 11008K, reserved 1048576K
Event: 23.722 GC heap after
Heap after GC invocations=8 (full 3):
 PSYoungGen      total 263680K, used 0K [0x00000000eab00000, 0x0000000100000000, 0x0000000100000000)
  eden space 242176K, 0% used [0x00000000eab00000,0x00000000eab00000,0x00000000f9780000)
  from space 21504K, 0% used [0x00000000f9780000,0x00000000f9780000,0x00000000fac80000)
  to   space 34304K, 0% used [0x00000000fde80000,0x00000000fde80000,0x0000000100000000)
 ParOldGen       total 629248K, used 45828K [0x00000000c0000000, 0x00000000e6680000, 0x00000000eab00000)
  object space 629248K, 7% used [0x00000000c0000000,0x00000000c2cc10d8,0x00000000e6680000)
 Metaspace       used 58576K, capacity 58990K, committed 59136K, reserved 1097728K
  class space    used 10799K, capacity 10936K, committed 11008K, reserved 1048576K
}
Event: 26.395 GC heap before
{Heap before GC invocations=9 (full 3):
 PSYoungGen      total 263680K, used 242176K [0x00000000eab00000, 0x0000000100000000, 0x0000000100000000)
  eden space 242176K, 100% used [0x00000000eab00000,0x00000000f9780000,0x00000000f9780000)
  from space 21504K, 0% used [0x00000000f9780000,0x00000000f9780000,0x00000000fac80000)
  to   space 34304K, 0% used [0x00000000fde80000,0x00000000fde80000,0x0000000100000000)
 ParOldGen       total 629248K, used 45828K [0x00000000c0000000, 0x00000000e6680000, 0x00000000eab00000)
  object space 629248K, 7% used [0x00000000c0000000,0x00000000c2cc10d8,0x00000000e6680000)
 Metaspace       used 61612K, capacity 62004K, committed 62208K, reserved 1099776K
  class space    used 11402K, capacity 11513K, committed 11520K, reserved 1048576K
Event: 26.400 GC heap after
Heap after GC invocations=9 (full 3):
 PSYoungGen      total 312832K, used 3312K [0x00000000eab00000, 0x0000000100000000, 0x0000000100000000)
  eden space 278528K, 0% used [0x00000000eab00000,0x00000000eab00000,0x00000000fbb00000)
  from space 34304K, 9% used [0x00000000fde80000,0x00000000fe1bc080,0x0000000100000000)
  to   space 35328K, 0% used [0x00000000fbb00000,0x00000000fbb00000,0x00000000fdd80000)
 ParOldGen       total 629248K, used 45836K [0x00000000c0000000, 0x00000000e6680000, 0x00000000eab00000)
  object space 629248K, 7% used [0x00000000c0000000,0x00000000c2cc30d8,0x00000000e6680000)
 Metaspace       used 61612K, capacity 62004K, committed 62208K, reserved 1099776K
  class space    used 11402K, capacity 11513K, committed 11520K, reserved 1048576K
}

